0 info it worked if it ends with ok
1 verbose cli [ 'node', '/usr/local/bin/npm', 'install' ]
2 info using npm@1.4.28
3 info using node@v0.10.33
4 verbose readDependencies using package.json deps
5 verbose install where, deps [ '/Users/afritsch/Documents/Code Projects/hubot-hipchat-trello-retrospectives',
5 verbose install   [ 'coffee-script',
5 verbose install     'mocha',
5 verbose install     'chai',
5 verbose install     'sinon-chai',
5 verbose install     'sinon',
5 verbose install     'grunt-mocha-test',
5 verbose install     'grunt-release',
5 verbose install     'matchdep',
5 verbose install     'grunt-contrib-watch' ] ]
6 info preinstall hubot-hipchat-trello-retrospectives@0.0.0
7 verbose readDependencies using package.json deps
8 verbose cache add [ 'coffee-script@~1.6', null ]
9 verbose cache add name=undefined spec="coffee-script@~1.6" args=["coffee-script@~1.6",null]
10 verbose parsed url { protocol: null,
10 verbose parsed url   slashes: null,
10 verbose parsed url   auth: null,
10 verbose parsed url   host: null,
10 verbose parsed url   port: null,
10 verbose parsed url   hostname: null,
10 verbose parsed url   hash: null,
10 verbose parsed url   search: null,
10 verbose parsed url   query: null,
10 verbose parsed url   pathname: 'coffee-script@~1.6',
10 verbose parsed url   path: 'coffee-script@~1.6',
10 verbose parsed url   href: 'coffee-script@~1.6' }
11 verbose cache add [ 'mocha@*', null ]
12 verbose cache add name=undefined spec="mocha@*" args=["mocha@*",null]
13 verbose parsed url { protocol: null,
13 verbose parsed url   slashes: null,
13 verbose parsed url   auth: null,
13 verbose parsed url   host: null,
13 verbose parsed url   port: null,
13 verbose parsed url   hostname: null,
13 verbose parsed url   hash: null,
13 verbose parsed url   search: null,
13 verbose parsed url   query: null,
13 verbose parsed url   pathname: 'mocha@*',
13 verbose parsed url   path: 'mocha@*',
13 verbose parsed url   href: 'mocha@*' }
14 verbose cache add [ 'chai@*', null ]
15 verbose cache add name=undefined spec="chai@*" args=["chai@*",null]
16 verbose parsed url { protocol: null,
16 verbose parsed url   slashes: null,
16 verbose parsed url   auth: null,
16 verbose parsed url   host: null,
16 verbose parsed url   port: null,
16 verbose parsed url   hostname: null,
16 verbose parsed url   hash: null,
16 verbose parsed url   search: null,
16 verbose parsed url   query: null,
16 verbose parsed url   pathname: 'chai@*',
16 verbose parsed url   path: 'chai@*',
16 verbose parsed url   href: 'chai@*' }
17 verbose cache add name="coffee-script" spec="~1.6" args=["coffee-script","~1.6"]
18 verbose parsed url { protocol: null,
18 verbose parsed url   slashes: null,
18 verbose parsed url   auth: null,
18 verbose parsed url   host: null,
18 verbose parsed url   port: null,
18 verbose parsed url   hostname: null,
18 verbose parsed url   hash: null,
18 verbose parsed url   search: null,
18 verbose parsed url   query: null,
18 verbose parsed url   pathname: '~1.6',
18 verbose parsed url   path: '~1.6',
18 verbose parsed url   href: '~1.6' }
19 verbose addNamed [ 'coffee-script', '~1.6' ]
20 verbose addNamed [ null, '>=1.6.0-0 <1.7.0-0' ]
21 verbose cache add name="mocha" spec="*" args=["mocha","*"]
22 verbose parsed url { protocol: null,
22 verbose parsed url   slashes: null,
22 verbose parsed url   auth: null,
22 verbose parsed url   host: null,
22 verbose parsed url   port: null,
22 verbose parsed url   hostname: null,
22 verbose parsed url   hash: null,
22 verbose parsed url   search: null,
22 verbose parsed url   query: null,
22 verbose parsed url   pathname: '*',
22 verbose parsed url   path: '*',
22 verbose parsed url   href: '*' }
23 verbose addNamed [ 'mocha', '*' ]
24 verbose addNamed [ null, '*' ]
25 verbose cache add [ 'sinon-chai@*', null ]
26 verbose cache add name=undefined spec="sinon-chai@*" args=["sinon-chai@*",null]
27 verbose parsed url { protocol: null,
27 verbose parsed url   slashes: null,
27 verbose parsed url   auth: null,
27 verbose parsed url   host: null,
27 verbose parsed url   port: null,
27 verbose parsed url   hostname: null,
27 verbose parsed url   hash: null,
27 verbose parsed url   search: null,
27 verbose parsed url   query: null,
27 verbose parsed url   pathname: 'sinon-chai@*',
27 verbose parsed url   path: 'sinon-chai@*',
27 verbose parsed url   href: 'sinon-chai@*' }
28 verbose cache add [ 'sinon@*', null ]
29 verbose cache add name=undefined spec="sinon@*" args=["sinon@*",null]
30 verbose parsed url { protocol: null,
30 verbose parsed url   slashes: null,
30 verbose parsed url   auth: null,
30 verbose parsed url   host: null,
30 verbose parsed url   port: null,
30 verbose parsed url   hostname: null,
30 verbose parsed url   hash: null,
30 verbose parsed url   search: null,
30 verbose parsed url   query: null,
30 verbose parsed url   pathname: 'sinon@*',
30 verbose parsed url   path: 'sinon@*',
30 verbose parsed url   href: 'sinon@*' }
31 verbose cache add name="chai" spec="*" args=["chai","*"]
32 verbose parsed url { protocol: null,
32 verbose parsed url   slashes: null,
32 verbose parsed url   auth: null,
32 verbose parsed url   host: null,
32 verbose parsed url   port: null,
32 verbose parsed url   hostname: null,
32 verbose parsed url   hash: null,
32 verbose parsed url   search: null,
32 verbose parsed url   query: null,
32 verbose parsed url   pathname: '*',
32 verbose parsed url   path: '*',
32 verbose parsed url   href: '*' }
33 verbose addNamed [ 'chai', '*' ]
34 verbose addNamed [ null, '*' ]
35 silly lockFile d0c13b8a-coffee-script-1-6 coffee-script@~1.6
36 verbose lock coffee-script@~1.6 /Users/afritsch/.npm/d0c13b8a-coffee-script-1-6.lock
37 silly lockFile 4d0fa87f-mocha mocha@*
38 verbose lock mocha@* /Users/afritsch/.npm/4d0fa87f-mocha.lock
39 silly lockFile dde1eb4b-chai chai@*
40 verbose lock chai@* /Users/afritsch/.npm/dde1eb4b-chai.lock
41 verbose cache add name="sinon-chai" spec="*" args=["sinon-chai","*"]
42 verbose parsed url { protocol: null,
42 verbose parsed url   slashes: null,
42 verbose parsed url   auth: null,
42 verbose parsed url   host: null,
42 verbose parsed url   port: null,
42 verbose parsed url   hostname: null,
42 verbose parsed url   hash: null,
42 verbose parsed url   search: null,
42 verbose parsed url   query: null,
42 verbose parsed url   pathname: '*',
42 verbose parsed url   path: '*',
42 verbose parsed url   href: '*' }
43 verbose addNamed [ 'sinon-chai', '*' ]
44 verbose addNamed [ null, '*' ]
45 silly lockFile e92e2cfb-sinon-chai sinon-chai@*
46 verbose lock sinon-chai@* /Users/afritsch/.npm/e92e2cfb-sinon-chai.lock
47 verbose cache add [ 'grunt-mocha-test@~0.7.0', null ]
48 verbose cache add name=undefined spec="grunt-mocha-test@~0.7.0" args=["grunt-mocha-test@~0.7.0",null]
49 verbose parsed url { protocol: null,
49 verbose parsed url   slashes: null,
49 verbose parsed url   auth: null,
49 verbose parsed url   host: null,
49 verbose parsed url   port: null,
49 verbose parsed url   hostname: null,
49 verbose parsed url   hash: null,
49 verbose parsed url   search: null,
49 verbose parsed url   query: null,
49 verbose parsed url   pathname: 'grunt-mocha-test@~0.7.0',
49 verbose parsed url   path: 'grunt-mocha-test@~0.7.0',
49 verbose parsed url   href: 'grunt-mocha-test@~0.7.0' }
50 verbose cache add [ 'grunt-release@~0.6.0', null ]
51 verbose cache add name=undefined spec="grunt-release@~0.6.0" args=["grunt-release@~0.6.0",null]
52 verbose parsed url { protocol: null,
52 verbose parsed url   slashes: null,
52 verbose parsed url   auth: null,
52 verbose parsed url   host: null,
52 verbose parsed url   port: null,
52 verbose parsed url   hostname: null,
52 verbose parsed url   hash: null,
52 verbose parsed url   search: null,
52 verbose parsed url   query: null,
52 verbose parsed url   pathname: 'grunt-release@~0.6.0',
52 verbose parsed url   path: 'grunt-release@~0.6.0',
52 verbose parsed url   href: 'grunt-release@~0.6.0' }
53 verbose cache add name="sinon" spec="*" args=["sinon","*"]
54 verbose parsed url { protocol: null,
54 verbose parsed url   slashes: null,
54 verbose parsed url   auth: null,
54 verbose parsed url   host: null,
54 verbose parsed url   port: null,
54 verbose parsed url   hostname: null,
54 verbose parsed url   hash: null,
54 verbose parsed url   search: null,
54 verbose parsed url   query: null,
54 verbose parsed url   pathname: '*',
54 verbose parsed url   path: '*',
54 verbose parsed url   href: '*' }
55 verbose addNamed [ 'sinon', '*' ]
56 verbose addNamed [ null, '*' ]
57 silly lockFile 29b94905-sinon sinon@*
58 verbose lock sinon@* /Users/afritsch/.npm/29b94905-sinon.lock
59 verbose cache add name="grunt-mocha-test" spec="~0.7.0" args=["grunt-mocha-test","~0.7.0"]
60 verbose parsed url { protocol: null,
60 verbose parsed url   slashes: null,
60 verbose parsed url   auth: null,
60 verbose parsed url   host: null,
60 verbose parsed url   port: null,
60 verbose parsed url   hostname: null,
60 verbose parsed url   hash: null,
60 verbose parsed url   search: null,
60 verbose parsed url   query: null,
60 verbose parsed url   pathname: '~0.7.0',
60 verbose parsed url   path: '~0.7.0',
60 verbose parsed url   href: '~0.7.0' }
61 verbose addNamed [ 'grunt-mocha-test', '~0.7.0' ]
62 verbose addNamed [ null, '>=0.7.0-0 <0.8.0-0' ]
63 silly lockFile ae411ac0-grunt-mocha-test-0-7-0 grunt-mocha-test@~0.7.0
64 verbose lock grunt-mocha-test@~0.7.0 /Users/afritsch/.npm/ae411ac0-grunt-mocha-test-0-7-0.lock
65 verbose cache add [ 'matchdep@~0.1.2', null ]
66 verbose cache add name=undefined spec="matchdep@~0.1.2" args=["matchdep@~0.1.2",null]
67 verbose parsed url { protocol: null,
67 verbose parsed url   slashes: null,
67 verbose parsed url   auth: null,
67 verbose parsed url   host: null,
67 verbose parsed url   port: null,
67 verbose parsed url   hostname: null,
67 verbose parsed url   hash: null,
67 verbose parsed url   search: null,
67 verbose parsed url   query: null,
67 verbose parsed url   pathname: 'matchdep@~0.1.2',
67 verbose parsed url   path: 'matchdep@~0.1.2',
67 verbose parsed url   href: 'matchdep@~0.1.2' }
68 verbose cache add name="grunt-release" spec="~0.6.0" args=["grunt-release","~0.6.0"]
69 verbose parsed url { protocol: null,
69 verbose parsed url   slashes: null,
69 verbose parsed url   auth: null,
69 verbose parsed url   host: null,
69 verbose parsed url   port: null,
69 verbose parsed url   hostname: null,
69 verbose parsed url   hash: null,
69 verbose parsed url   search: null,
69 verbose parsed url   query: null,
69 verbose parsed url   pathname: '~0.6.0',
69 verbose parsed url   path: '~0.6.0',
69 verbose parsed url   href: '~0.6.0' }
70 verbose addNamed [ 'grunt-release', '~0.6.0' ]
71 verbose addNamed [ null, '>=0.6.0-0 <0.7.0-0' ]
72 silly lockFile cba56166-grunt-release-0-6-0 grunt-release@~0.6.0
73 verbose lock grunt-release@~0.6.0 /Users/afritsch/.npm/cba56166-grunt-release-0-6-0.lock
74 silly addNameRange { name: 'coffee-script',
74 silly addNameRange   range: '>=1.6.0-0 <1.7.0-0',
74 silly addNameRange   hasData: false }
75 silly addNameRange { name: 'chai', range: '*', hasData: false }
76 silly addNameRange { name: 'mocha', range: '*', hasData: false }
77 silly addNameRange { name: 'sinon-chai', range: '*', hasData: false }
78 verbose cache add [ 'grunt-contrib-watch@~0.5.3', null ]
79 verbose cache add name=undefined spec="grunt-contrib-watch@~0.5.3" args=["grunt-contrib-watch@~0.5.3",null]
80 verbose parsed url { protocol: null,
80 verbose parsed url   slashes: null,
80 verbose parsed url   auth: null,
80 verbose parsed url   host: null,
80 verbose parsed url   port: null,
80 verbose parsed url   hostname: null,
80 verbose parsed url   hash: null,
80 verbose parsed url   search: null,
80 verbose parsed url   query: null,
80 verbose parsed url   pathname: 'grunt-contrib-watch@~0.5.3',
80 verbose parsed url   path: 'grunt-contrib-watch@~0.5.3',
80 verbose parsed url   href: 'grunt-contrib-watch@~0.5.3' }
81 verbose cache add name="matchdep" spec="~0.1.2" args=["matchdep","~0.1.2"]
82 verbose parsed url { protocol: null,
82 verbose parsed url   slashes: null,
82 verbose parsed url   auth: null,
82 verbose parsed url   host: null,
82 verbose parsed url   port: null,
82 verbose parsed url   hostname: null,
82 verbose parsed url   hash: null,
82 verbose parsed url   search: null,
82 verbose parsed url   query: null,
82 verbose parsed url   pathname: '~0.1.2',
82 verbose parsed url   path: '~0.1.2',
82 verbose parsed url   href: '~0.1.2' }
83 verbose addNamed [ 'matchdep', '~0.1.2' ]
84 verbose addNamed [ null, '>=0.1.2-0 <0.2.0-0' ]
85 silly lockFile 33e499db-matchdep-0-1-2 matchdep@~0.1.2
86 verbose lock matchdep@~0.1.2 /Users/afritsch/.npm/33e499db-matchdep-0-1-2.lock
87 silly addNameRange { name: 'sinon', range: '*', hasData: false }
88 silly addNameRange { name: 'grunt-mocha-test',
88 silly addNameRange   range: '>=0.7.0-0 <0.8.0-0',
88 silly addNameRange   hasData: false }
89 verbose cache add name="grunt-contrib-watch" spec="~0.5.3" args=["grunt-contrib-watch","~0.5.3"]
90 verbose parsed url { protocol: null,
90 verbose parsed url   slashes: null,
90 verbose parsed url   auth: null,
90 verbose parsed url   host: null,
90 verbose parsed url   port: null,
90 verbose parsed url   hostname: null,
90 verbose parsed url   hash: null,
90 verbose parsed url   search: null,
90 verbose parsed url   query: null,
90 verbose parsed url   pathname: '~0.5.3',
90 verbose parsed url   path: '~0.5.3',
90 verbose parsed url   href: '~0.5.3' }
91 verbose addNamed [ 'grunt-contrib-watch', '~0.5.3' ]
92 verbose addNamed [ null, '>=0.5.3-0 <0.6.0-0' ]
93 silly lockFile b469febc-grunt-contrib-watch-0-5-3 grunt-contrib-watch@~0.5.3
94 verbose lock grunt-contrib-watch@~0.5.3 /Users/afritsch/.npm/b469febc-grunt-contrib-watch-0-5-3.lock
95 silly addNameRange { name: 'grunt-release',
95 silly addNameRange   range: '>=0.6.0-0 <0.7.0-0',
95 silly addNameRange   hasData: false }
96 silly addNameRange { name: 'matchdep', range: '>=0.1.2-0 <0.2.0-0', hasData: false }
97 silly addNameRange { name: 'grunt-contrib-watch',
97 silly addNameRange   range: '>=0.5.3-0 <0.6.0-0',
97 silly addNameRange   hasData: false }
98 verbose request where is /coffee-script
99 verbose request registry https://registry.npmjs.org/
100 verbose request id 2f7cf8f84bb55e65
101 verbose url raw /coffee-script
102 verbose url resolving [ 'https://registry.npmjs.org/', './coffee-script' ]
103 verbose url resolved https://registry.npmjs.org/coffee-script
104 verbose request where is https://registry.npmjs.org/coffee-script
105 info trying registry request attempt 1 at 12:50:03
106 verbose etag "CGW80CVPWMTC150PVKVGIXVHM"
107 http GET https://registry.npmjs.org/coffee-script
108 verbose request where is /chai
109 verbose request registry https://registry.npmjs.org/
110 verbose url raw /chai
111 verbose url resolving [ 'https://registry.npmjs.org/', './chai' ]
112 verbose url resolved https://registry.npmjs.org/chai
113 verbose request where is https://registry.npmjs.org/chai
114 info trying registry request attempt 1 at 12:50:03
115 verbose etag "3LTPZKNVWDR45AX8D0WPBU6IT"
116 http GET https://registry.npmjs.org/chai
117 verbose request where is /mocha
118 verbose request registry https://registry.npmjs.org/
119 verbose url raw /mocha
120 verbose url resolving [ 'https://registry.npmjs.org/', './mocha' ]
121 verbose url resolved https://registry.npmjs.org/mocha
122 verbose request where is https://registry.npmjs.org/mocha
123 info trying registry request attempt 1 at 12:50:03
124 verbose etag "6PB9518CR9IZAPPOCE9G7WTNU"
125 http GET https://registry.npmjs.org/mocha
126 verbose request where is /sinon-chai
127 verbose request registry https://registry.npmjs.org/
128 verbose url raw /sinon-chai
129 verbose url resolving [ 'https://registry.npmjs.org/', './sinon-chai' ]
130 verbose url resolved https://registry.npmjs.org/sinon-chai
131 verbose request where is https://registry.npmjs.org/sinon-chai
132 info trying registry request attempt 1 at 12:50:03
133 verbose etag "8UAZYG9QZOLSVD23NQ0AZ7V23"
134 http GET https://registry.npmjs.org/sinon-chai
135 verbose request where is /sinon
136 verbose request registry https://registry.npmjs.org/
137 verbose url raw /sinon
138 verbose url resolving [ 'https://registry.npmjs.org/', './sinon' ]
139 verbose url resolved https://registry.npmjs.org/sinon
140 verbose request where is https://registry.npmjs.org/sinon
141 info trying registry request attempt 1 at 12:50:03
142 verbose etag "1E6IHZW0DWU908MB0BNGJFD6A"
143 http GET https://registry.npmjs.org/sinon
144 verbose request where is /grunt-mocha-test
145 verbose request registry https://registry.npmjs.org/
146 verbose url raw /grunt-mocha-test
147 verbose url resolving [ 'https://registry.npmjs.org/', './grunt-mocha-test' ]
148 verbose url resolved https://registry.npmjs.org/grunt-mocha-test
149 verbose request where is https://registry.npmjs.org/grunt-mocha-test
150 info trying registry request attempt 1 at 12:50:03
151 verbose etag "AEPWPU9ISKH8EEUEROZVY9FEC"
152 http GET https://registry.npmjs.org/grunt-mocha-test
153 verbose request where is /grunt-release
154 verbose request registry https://registry.npmjs.org/
155 verbose url raw /grunt-release
156 verbose url resolving [ 'https://registry.npmjs.org/', './grunt-release' ]
157 verbose url resolved https://registry.npmjs.org/grunt-release
158 verbose request where is https://registry.npmjs.org/grunt-release
159 info trying registry request attempt 1 at 12:50:03
160 verbose etag "4BRMSZXHDMH09IFX1SEIQ2MUF"
161 http GET https://registry.npmjs.org/grunt-release
162 verbose request where is /matchdep
163 verbose request registry https://registry.npmjs.org/
164 verbose url raw /matchdep
165 verbose url resolving [ 'https://registry.npmjs.org/', './matchdep' ]
166 verbose url resolved https://registry.npmjs.org/matchdep
167 verbose request where is https://registry.npmjs.org/matchdep
168 info trying registry request attempt 1 at 12:50:03
169 verbose etag "ES4WFQUCU7SAENPI912FPNB1G"
170 http GET https://registry.npmjs.org/matchdep
171 verbose request where is /grunt-contrib-watch
172 verbose request registry https://registry.npmjs.org/
173 verbose url raw /grunt-contrib-watch
174 verbose url resolving [ 'https://registry.npmjs.org/', './grunt-contrib-watch' ]
175 verbose url resolved https://registry.npmjs.org/grunt-contrib-watch
176 verbose request where is https://registry.npmjs.org/grunt-contrib-watch
177 info trying registry request attempt 1 at 12:50:03
178 verbose etag "23RZQQ0Q2287VE2MWQ6ZU9EXO"
179 http GET https://registry.npmjs.org/grunt-contrib-watch
180 http 304 https://registry.npmjs.org/mocha
181 silly registry.get cb [ 304,
181 silly registry.get   { date: 'Mon, 20 Apr 2015 16:50:01 GMT',
181 silly registry.get     server: 'Apache',
181 silly registry.get     via: '1.1 varnish',
181 silly registry.get     'last-modified': 'Mon, 20 Apr 2015 16:49:55 GMT',
181 silly registry.get     'cache-control': 'max-age=60',
181 silly registry.get     etag: '"6PB9518CR9IZAPPOCE9G7WTNU"',
181 silly registry.get     age: '6',
181 silly registry.get     'x-served-by': 'cache-atl6225-ATL',
181 silly registry.get     'x-cache': 'HIT',
181 silly registry.get     'x-cache-hits': '2',
181 silly registry.get     'x-timer': 'S1429548601.313132,VS0,VE0',
181 silly registry.get     vary: 'Accept',
181 silly registry.get     'content-length': '0',
181 silly registry.get     'keep-alive': 'timeout=10, max=50',
181 silly registry.get     connection: 'Keep-Alive' } ]
182 verbose etag https://registry.npmjs.org/mocha from cache
183 http 304 https://registry.npmjs.org/coffee-script
184 silly registry.get cb [ 304,
184 silly registry.get   { date: 'Mon, 20 Apr 2015 16:50:01 GMT',
184 silly registry.get     server: 'Apache',
184 silly registry.get     via: '1.1 varnish',
184 silly registry.get     'last-modified': 'Mon, 20 Apr 2015 16:49:07 GMT',
184 silly registry.get     'cache-control': 'max-age=60',
184 silly registry.get     etag: '"CGW80CVPWMTC150PVKVGIXVHM"',
184 silly registry.get     age: '57',
184 silly registry.get     'x-served-by': 'cache-atl6221-ATL',
184 silly registry.get     'x-cache': 'HIT',
184 silly registry.get     'x-cache-hits': '6',
184 silly registry.get     'x-timer': 'S1429548601.314782,VS0,VE0',
184 silly registry.get     vary: 'Accept',
184 silly registry.get     'content-length': '0',
184 silly registry.get     'keep-alive': 'timeout=10, max=50',
184 silly registry.get     connection: 'Keep-Alive' } ]
185 verbose etag https://registry.npmjs.org/coffee-script from cache
186 http 304 https://registry.npmjs.org/sinon-chai
187 silly registry.get cb [ 304,
187 silly registry.get   { date: 'Mon, 20 Apr 2015 16:50:01 GMT',
187 silly registry.get     server: 'Apache',
187 silly registry.get     via: '1.1 varnish',
187 silly registry.get     'last-modified': 'Mon, 20 Apr 2015 16:50:01 GMT',
187 silly registry.get     'cache-control': 'max-age=60',
187 silly registry.get     etag: '"8UAZYG9QZOLSVD23NQ0AZ7V23"',
187 silly registry.get     age: '46',
187 silly registry.get     'x-served-by': 'cache-atl6234-ATL',
187 silly registry.get     'x-cache': 'HIT',
187 silly registry.get     'x-cache-hits': '1',
187 silly registry.get     'x-timer': 'S1429548601.313156,VS0,VE2',
187 silly registry.get     vary: 'Accept',
187 silly registry.get     'content-length': '0',
187 silly registry.get     'keep-alive': 'timeout=10, max=50',
187 silly registry.get     connection: 'Keep-Alive' } ]
188 verbose etag https://registry.npmjs.org/sinon-chai from cache
189 http 304 https://registry.npmjs.org/chai
190 silly registry.get cb [ 304,
190 silly registry.get   { date: 'Mon, 20 Apr 2015 16:50:01 GMT',
190 silly registry.get     server: 'Apache',
190 silly registry.get     via: '1.1 varnish',
190 silly registry.get     'last-modified': 'Mon, 20 Apr 2015 16:49:59 GMT',
190 silly registry.get     'cache-control': 'max-age=60',
190 silly registry.get     etag: '"3LTPZKNVWDR45AX8D0WPBU6IT"',
190 silly registry.get     age: '7',
190 silly registry.get     'x-served-by': 'cache-atl6234-ATL',
190 silly registry.get     'x-cache': 'HIT',
190 silly registry.get     'x-cache-hits': '2',
190 silly registry.get     'x-timer': 'S1429548601.319126,VS0,VE0',
190 silly registry.get     vary: 'Accept',
190 silly registry.get     'content-length': '0',
190 silly registry.get     'keep-alive': 'timeout=10, max=50',
190 silly registry.get     connection: 'Keep-Alive' } ]
191 verbose etag https://registry.npmjs.org/chai from cache
192 http 304 https://registry.npmjs.org/sinon
193 silly registry.get cb [ 304,
193 silly registry.get   { date: 'Mon, 20 Apr 2015 16:50:01 GMT',
193 silly registry.get     server: 'Apache',
193 silly registry.get     via: '1.1 varnish',
193 silly registry.get     'last-modified': 'Mon, 20 Apr 2015 16:50:01 GMT',
193 silly registry.get     'cache-control': 'max-age=60',
193 silly registry.get     etag: '"1E6IHZW0DWU908MB0BNGJFD6A"',
193 silly registry.get     age: '53',
193 silly registry.get     'x-served-by': 'cache-atl6234-ATL',
193 silly registry.get     'x-cache': 'HIT',
193 silly registry.get     'x-cache-hits': '1',
193 silly registry.get     'x-timer': 'S1429548601.323806,VS0,VE1',
193 silly registry.get     vary: 'Accept',
193 silly registry.get     'content-length': '0',
193 silly registry.get     'keep-alive': 'timeout=10, max=50',
193 silly registry.get     connection: 'Keep-Alive' } ]
194 verbose etag https://registry.npmjs.org/sinon from cache
195 silly addNameRange number 2 { name: 'mocha', range: '*', hasData: true }
196 silly addNameRange versions [ 'mocha',
196 silly addNameRange   [ '0.0.1-alpha1',
196 silly addNameRange     '0.0.1-alpha2',
196 silly addNameRange     '0.0.1-alpha3',
196 silly addNameRange     '0.0.1-alpha4',
196 silly addNameRange     '0.0.1-alpha5',
196 silly addNameRange     '0.0.1-alpha6',
196 silly addNameRange     '0.0.1',
196 silly addNameRange     '0.0.2',
196 silly addNameRange     '0.0.3',
196 silly addNameRange     '0.0.4',
196 silly addNameRange     '0.0.5',
196 silly addNameRange     '0.0.6',
196 silly addNameRange     '0.0.7',
196 silly addNameRange     '0.0.8',
196 silly addNameRange     '0.1.0',
196 silly addNameRange     '0.2.0',
196 silly addNameRange     '0.3.0',
196 silly addNameRange     '0.3.1',
196 silly addNameRange     '0.3.2',
196 silly addNameRange     '0.3.3',
196 silly addNameRange     '0.3.4',
196 silly addNameRange     '0.3.6',
196 silly addNameRange     '0.4.0',
196 silly addNameRange     '0.5.0',
196 silly addNameRange     '0.6.0',
196 silly addNameRange     '0.7.0',
196 silly addNameRange     '0.7.1',
196 silly addNameRange     '0.8.0',
196 silly addNameRange     '0.8.1',
196 silly addNameRange     '0.9.0',
196 silly addNameRange     '0.10.0',
196 silly addNameRange     '0.10.1',
196 silly addNameRange     '0.10.2',
196 silly addNameRange     '0.11.0',
196 silly addNameRange     '0.12.0',
196 silly addNameRange     '0.12.1',
196 silly addNameRange     '0.13.0',
196 silly addNameRange     '0.14.0',
196 silly addNameRange     '0.14.1',
196 silly addNameRange     '1.0.0',
196 silly addNameRange     '1.0.1',
196 silly addNameRange     '1.0.2',
196 silly addNameRange     '1.0.3',
196 silly addNameRange     '1.1.0',
196 silly addNameRange     '1.2.0',
196 silly addNameRange     '1.2.1',
196 silly addNameRange     '1.2.2',
196 silly addNameRange     '1.3.0',
196 silly addNameRange     '1.3.1',
196 silly addNameRange     '1.3.2',
196 silly addNameRange     '1.4.0',
196 silly addNameRange     '1.4.1',
196 silly addNameRange     '1.4.2',
196 silly addNameRange     '1.4.3',
196 silly addNameRange     '1.5.0',
196 silly addNameRange     '1.6.0',
196 silly addNameRange     '1.7.0',
196 silly addNameRange     '1.7.1',
196 silly addNameRange     '1.7.2',
196 silly addNameRange     '1.7.3',
196 silly addNameRange     '1.7.4',
196 silly addNameRange     '1.8.0',
196 silly addNameRange     '1.8.1',
196 silly addNameRange     '1.8.2',
196 silly addNameRange     '1.9.0',
196 silly addNameRange     '1.10.0',
196 silly addNameRange     '1.11.0',
196 silly addNameRange     '1.12.0',
196 silly addNameRange     '1.12.1',
196 silly addNameRange     '1.13.0',
196 silly addNameRange     '1.14.0',
196 silly addNameRange     '1.15.0',
196 silly addNameRange     '1.15.1',
196 silly addNameRange     '1.16.0',
196 silly addNameRange     '1.16.1',
196 silly addNameRange     '1.16.2',
196 silly addNameRange     '1.17.0',
196 silly addNameRange     '1.17.1',
196 silly addNameRange     '1.18.0',
196 silly addNameRange     '1.18.1',
196 silly addNameRange     '1.18.2',
196 silly addNameRange     '1.19.0',
196 silly addNameRange     '1.20.0',
196 silly addNameRange     '1.20.1',
196 silly addNameRange     '1.21.0',
196 silly addNameRange     '1.21.1',
196 silly addNameRange     '1.21.2',
196 silly addNameRange     '1.21.3',
196 silly addNameRange     '1.21.4',
196 silly addNameRange     '1.21.5',
196 silly addNameRange     '2.0.0',
196 silly addNameRange     '2.0.1',
196 silly addNameRange     '2.1.0',
196 silly addNameRange     '2.2.0',
196 silly addNameRange     '2.2.1',
196 silly addNameRange     '2.2.3',
196 silly addNameRange     '2.2.4' ] ]
197 verbose addNamed [ 'mocha', '2.2.4' ]
198 verbose addNamed [ '2.2.4', '2.2.4' ]
199 silly lockFile 8d691304-mocha-2-2-4 mocha@2.2.4
200 verbose lock mocha@2.2.4 /Users/afritsch/.npm/8d691304-mocha-2-2-4.lock
201 silly addNameRange number 2 { name: 'coffee-script',
201 silly addNameRange   range: '>=1.6.0-0 <1.7.0-0',
201 silly addNameRange   hasData: true }
202 silly addNameRange versions [ 'coffee-script',
202 silly addNameRange   [ '0.7.0',
202 silly addNameRange     '0.7.1',
202 silly addNameRange     '0.7.2',
202 silly addNameRange     '0.9.0',
202 silly addNameRange     '0.9.1',
202 silly addNameRange     '0.9.2',
202 silly addNameRange     '0.9.3',
202 silly addNameRange     '0.9.4',
202 silly addNameRange     '0.9.5',
202 silly addNameRange     '0.9.6',
202 silly addNameRange     '1.0.0',
202 silly addNameRange     '1.0.1',
202 silly addNameRange     '1.1.0',
202 silly addNameRange     '1.1.1',
202 silly addNameRange     '1.1.2',
202 silly addNameRange     '1.1.3',
202 silly addNameRange     '1.2.0',
202 silly addNameRange     '1.3.0',
202 silly addNameRange     '1.3.1',
202 silly addNameRange     '1.3.2',
202 silly addNameRange     '1.3.3',
202 silly addNameRange     '1.4.0',
202 silly addNameRange     '1.5.0',
202 silly addNameRange     '1.6.0',
202 silly addNameRange     '1.6.1',
202 silly addNameRange     '1.6.2',
202 silly addNameRange     '1.6.3',
202 silly addNameRange     '1.7.0',
202 silly addNameRange     '1.7.1',
202 silly addNameRange     '1.8.0',
202 silly addNameRange     '1.9.0',
202 silly addNameRange     '1.9.1',
202 silly addNameRange     '1.9.2' ] ]
203 verbose addNamed [ 'coffee-script', '1.6.3' ]
204 verbose addNamed [ '1.6.3', '1.6.3' ]
205 silly lockFile 15ab88ca-coffee-script-1-6-3 coffee-script@1.6.3
206 verbose lock coffee-script@1.6.3 /Users/afritsch/.npm/15ab88ca-coffee-script-1-6-3.lock
207 silly addNameRange number 2 { name: 'sinon-chai', range: '*', hasData: true }
208 silly addNameRange versions [ 'sinon-chai',
208 silly addNameRange   [ '1.0.0',
208 silly addNameRange     '1.1.0',
208 silly addNameRange     '1.2.0',
208 silly addNameRange     '1.2.1',
208 silly addNameRange     '1.2.2',
208 silly addNameRange     '1.3.0',
208 silly addNameRange     '1.3.1',
208 silly addNameRange     '2.0.0',
208 silly addNameRange     '2.0.1',
208 silly addNameRange     '2.1.0',
208 silly addNameRange     '2.1.1',
208 silly addNameRange     '2.1.2',
208 silly addNameRange     '2.2.0',
208 silly addNameRange     '2.3.0',
208 silly addNameRange     '2.3.1',
208 silly addNameRange     '2.4.0',
208 silly addNameRange     '2.5.0',
208 silly addNameRange     '2.6.0',
208 silly addNameRange     '2.7.0' ] ]
209 verbose addNamed [ 'sinon-chai', '2.7.0' ]
210 verbose addNamed [ '2.7.0', '2.7.0' ]
211 silly lockFile c479189b-sinon-chai-2-7-0 sinon-chai@2.7.0
212 verbose lock sinon-chai@2.7.0 /Users/afritsch/.npm/c479189b-sinon-chai-2-7-0.lock
213 silly addNameRange number 2 { name: 'chai', range: '*', hasData: true }
214 silly addNameRange versions [ 'chai',
214 silly addNameRange   [ '0.0.1',
214 silly addNameRange     '0.0.2',
214 silly addNameRange     '0.1.0',
214 silly addNameRange     '0.1.1',
214 silly addNameRange     '0.1.2',
214 silly addNameRange     '0.1.3',
214 silly addNameRange     '0.1.4',
214 silly addNameRange     '0.1.5',
214 silly addNameRange     '0.1.6',
214 silly addNameRange     '0.1.7',
214 silly addNameRange     '0.2.0',
214 silly addNameRange     '0.2.1',
214 silly addNameRange     '0.2.2',
214 silly addNameRange     '0.2.3',
214 silly addNameRange     '0.2.4',
214 silly addNameRange     '0.3.0',
214 silly addNameRange     '0.3.1',
214 silly addNameRange     '0.3.2',
214 silly addNameRange     '0.3.3',
214 silly addNameRange     '0.3.4',
214 silly addNameRange     '0.4.0',
214 silly addNameRange     '0.4.1',
214 silly addNameRange     '0.4.2',
214 silly addNameRange     '0.5.0',
214 silly addNameRange     '0.5.1',
214 silly addNameRange     '0.5.2',
214 silly addNameRange     '0.5.3',
214 silly addNameRange     '1.0.0',
214 silly addNameRange     '1.0.1',
214 silly addNameRange     '1.0.2',
214 silly addNameRange     '1.0.3',
214 silly addNameRange     '1.0.4',
214 silly addNameRange     '1.1.0',
214 silly addNameRange     '1.1.1',
214 silly addNameRange     '1.2.0',
214 silly addNameRange     '1.3.0',
214 silly addNameRange     '1.4.0',
214 silly addNameRange     '1.4.1',
214 silly addNameRange     '1.4.2',
214 silly addNameRange     '1.5.0',
214 silly addNameRange     '1.6.0',
214 silly addNameRange     '1.6.1',
214 silly addNameRange     '1.7.0',
214 silly addNameRange     '1.7.1',
214 silly addNameRange     '1.7.2',
214 silly addNameRange     '1.8.0',
214 silly addNameRange     '1.8.1',
214 silly addNameRange     '1.9.0',
214 silly addNameRange     '1.9.1',
214 silly addNameRange     '1.9.2',
214 silly addNameRange     '1.10.0',
214 silly addNameRange     '2.0.0',
214 silly addNameRange     '2.1.0',
214 silly addNameRange     '2.1.1',
214 silly addNameRange     '2.1.2',
214 silly addNameRange     '2.2.0' ] ]
215 verbose addNamed [ 'chai', '2.2.0' ]
216 verbose addNamed [ '2.2.0', '2.2.0' ]
217 silly lockFile 379c620f-chai-2-2-0 chai@2.2.0
218 verbose lock chai@2.2.0 /Users/afritsch/.npm/379c620f-chai-2-2-0.lock
219 silly addNameRange number 2 { name: 'sinon', range: '*', hasData: true }
220 silly addNameRange versions [ 'sinon',
220 silly addNameRange   [ '0.6.2',
220 silly addNameRange     '0.6.3',
220 silly addNameRange     '1.0.0',
220 silly addNameRange     '1.0.1',
220 silly addNameRange     '1.0.2',
220 silly addNameRange     '1.1.0',
220 silly addNameRange     '1.1.1',
220 silly addNameRange     '1.2.0',
220 silly addNameRange     '1.3.0',
220 silly addNameRange     '1.3.1',
220 silly addNameRange     '1.3.2',
220 silly addNameRange     '1.3.3',
220 silly addNameRange     '1.3.4',
220 silly addNameRange     '1.4.0',
220 silly addNameRange     '1.4.1',
220 silly addNameRange     '1.4.2',
220 silly addNameRange     '1.5.0',
220 silly addNameRange     '1.5.2',
220 silly addNameRange     '1.6.0',
220 silly addNameRange     '1.7.0',
220 silly addNameRange     '1.7.1',
220 silly addNameRange     '1.7.2',
220 silly addNameRange     '1.7.3',
220 silly addNameRange     '1.8.1',
220 silly addNameRange     '1.8.2',
220 silly addNameRange     '1.9.0',
220 silly addNameRange     '1.9.1',
220 silly addNameRange     '1.10.0',
220 silly addNameRange     '1.10.1',
220 silly addNameRange     '1.10.2',
220 silly addNameRange     '1.10.3',
220 silly addNameRange     '1.11.0',
220 silly addNameRange     '1.11.1',
220 silly addNameRange     '1.12.0',
220 silly addNameRange     '1.12.1',
220 silly addNameRange     '1.12.2',
220 silly addNameRange     '1.13.0',
220 silly addNameRange     '1.14.0',
220 silly addNameRange     '1.14.1' ] ]
221 verbose addNamed [ 'sinon', '1.14.1' ]
222 verbose addNamed [ '1.14.1', '1.14.1' ]
223 silly lockFile 47873d1f-sinon-1-14-1 sinon@1.14.1
224 verbose lock sinon@1.14.1 /Users/afritsch/.npm/47873d1f-sinon-1-14-1.lock
225 silly lockFile b526953f-npmjs-org-sinon-sinon-1-14-1-tgz https://registry.npmjs.org/sinon/-/sinon-1.14.1.tgz
226 verbose lock https://registry.npmjs.org/sinon/-/sinon-1.14.1.tgz /Users/afritsch/.npm/b526953f-npmjs-org-sinon-sinon-1-14-1-tgz.lock
227 http 304 https://registry.npmjs.org/matchdep
228 silly registry.get cb [ 304,
228 silly registry.get   { date: 'Mon, 20 Apr 2015 16:50:01 GMT',
228 silly registry.get     server: 'Apache',
228 silly registry.get     via: '1.1 varnish',
228 silly registry.get     'last-modified': 'Mon, 20 Apr 2015 16:50:01 GMT',
228 silly registry.get     'cache-control': 'max-age=60',
228 silly registry.get     etag: '"ES4WFQUCU7SAENPI912FPNB1G"',
228 silly registry.get     age: '23',
228 silly registry.get     'x-served-by': 'cache-atl6234-ATL',
228 silly registry.get     'x-cache': 'HIT',
228 silly registry.get     'x-cache-hits': '1',
228 silly registry.get     'x-timer': 'S1429548601.342452,VS0,VE1',
228 silly registry.get     vary: 'Accept',
228 silly registry.get     'content-length': '0',
228 silly registry.get     'keep-alive': 'timeout=10, max=49',
228 silly registry.get     connection: 'Keep-Alive' } ]
229 verbose etag https://registry.npmjs.org/matchdep from cache
230 silly lockFile 8d691304-mocha-2-2-4 mocha@2.2.4
231 silly lockFile 8d691304-mocha-2-2-4 mocha@2.2.4
232 silly lockFile 15ab88ca-coffee-script-1-6-3 coffee-script@1.6.3
233 silly lockFile 15ab88ca-coffee-script-1-6-3 coffee-script@1.6.3
234 silly lockFile c479189b-sinon-chai-2-7-0 sinon-chai@2.7.0
235 silly lockFile c479189b-sinon-chai-2-7-0 sinon-chai@2.7.0
236 silly lockFile 4d0fa87f-mocha mocha@*
237 silly lockFile 4d0fa87f-mocha mocha@*
238 verbose addRemoteTarball [ 'https://registry.npmjs.org/sinon/-/sinon-1.14.1.tgz',
238 verbose addRemoteTarball   'd82797841918734507c94b7a73e3f560904578ad' ]
239 silly lockFile d0c13b8a-coffee-script-1-6 coffee-script@~1.6
240 silly lockFile d0c13b8a-coffee-script-1-6 coffee-script@~1.6
241 silly lockFile e92e2cfb-sinon-chai sinon-chai@*
242 silly lockFile e92e2cfb-sinon-chai sinon-chai@*
243 silly lockFile 379c620f-chai-2-2-0 chai@2.2.0
244 silly lockFile 379c620f-chai-2-2-0 chai@2.2.0
245 silly lockFile dde1eb4b-chai chai@*
246 silly lockFile dde1eb4b-chai chai@*
247 silly addNameRange number 2 { name: 'matchdep', range: '>=0.1.2-0 <0.2.0-0', hasData: true }
248 silly addNameRange versions [ 'matchdep', [ '0.1.0', '0.1.1', '0.1.2', '0.2.0', '0.3.0' ] ]
249 verbose addNamed [ 'matchdep', '0.1.2' ]
250 verbose addNamed [ '0.1.2', '0.1.2' ]
251 silly lockFile d307da54-matchdep-0-1-2 matchdep@0.1.2
252 verbose lock matchdep@0.1.2 /Users/afritsch/.npm/d307da54-matchdep-0-1-2.lock
253 http 304 https://registry.npmjs.org/grunt-contrib-watch
254 silly registry.get cb [ 304,
254 silly registry.get   { date: 'Mon, 20 Apr 2015 16:50:01 GMT',
254 silly registry.get     server: 'Apache',
254 silly registry.get     via: '1.1 varnish',
254 silly registry.get     'last-modified': 'Mon, 20 Apr 2015 16:49:34 GMT',
254 silly registry.get     'cache-control': 'max-age=60',
254 silly registry.get     etag: '"23RZQQ0Q2287VE2MWQ6ZU9EXO"',
254 silly registry.get     age: '49',
254 silly registry.get     'x-served-by': 'cache-atl6234-ATL',
254 silly registry.get     'x-cache': 'HIT',
254 silly registry.get     'x-cache-hits': '2',
254 silly registry.get     'x-timer': 'S1429548601.352403,VS0,VE0',
254 silly registry.get     vary: 'Accept',
254 silly registry.get     'content-length': '0',
254 silly registry.get     'keep-alive': 'timeout=10, max=49',
254 silly registry.get     connection: 'Keep-Alive' } ]
255 verbose etag https://registry.npmjs.org/grunt-contrib-watch from cache
256 info retry fetch attempt 1 at 12:50:04
257 verbose fetch to= /tmp/npm-1476-EgsJtrMu/registry.npmjs.org/sinon/-/sinon-1.14.1.tgz
258 http GET https://registry.npmjs.org/sinon/-/sinon-1.14.1.tgz
259 silly lockFile d307da54-matchdep-0-1-2 matchdep@0.1.2
260 silly lockFile d307da54-matchdep-0-1-2 matchdep@0.1.2
261 silly addNameRange number 2 { name: 'grunt-contrib-watch',
261 silly addNameRange   range: '>=0.5.3-0 <0.6.0-0',
261 silly addNameRange   hasData: true }
262 silly addNameRange versions [ 'grunt-contrib-watch',
262 silly addNameRange   [ '0.1.0',
262 silly addNameRange     '0.1.1',
262 silly addNameRange     '0.1.2',
262 silly addNameRange     '0.1.3',
262 silly addNameRange     '0.1.4',
262 silly addNameRange     '0.2.0',
262 silly addNameRange     '0.3.0',
262 silly addNameRange     '0.3.1',
262 silly addNameRange     '0.4.0',
262 silly addNameRange     '0.4.1',
262 silly addNameRange     '0.4.2',
262 silly addNameRange     '0.4.3',
262 silly addNameRange     '0.4.4',
262 silly addNameRange     '0.5.0',
262 silly addNameRange     '0.5.1',
262 silly addNameRange     '0.5.2',
262 silly addNameRange     '0.5.3',
262 silly addNameRange     '0.6.0',
262 silly addNameRange     '0.6.1',
262 silly addNameRange     '0.2.0-a',
262 silly addNameRange     '0.2.0-rc5',
262 silly addNameRange     '0.2.0-rc7' ] ]
263 verbose addNamed [ 'grunt-contrib-watch', '0.5.3' ]
264 verbose addNamed [ '0.5.3', '0.5.3' ]
265 silly lockFile d70d7cec-grunt-contrib-watch-0-5-3 grunt-contrib-watch@0.5.3
266 verbose lock grunt-contrib-watch@0.5.3 /Users/afritsch/.npm/d70d7cec-grunt-contrib-watch-0-5-3.lock
267 silly lockFile 33e499db-matchdep-0-1-2 matchdep@~0.1.2
268 silly lockFile 33e499db-matchdep-0-1-2 matchdep@~0.1.2
269 http 304 https://registry.npmjs.org/grunt-mocha-test
270 silly registry.get cb [ 304,
270 silly registry.get   { date: 'Mon, 20 Apr 2015 16:50:01 GMT',
270 silly registry.get     server: 'Apache',
270 silly registry.get     via: '1.1 varnish',
270 silly registry.get     'last-modified': 'Mon, 20 Apr 2015 16:50:01 GMT',
270 silly registry.get     'cache-control': 'max-age=60',
270 silly registry.get     etag: '"AEPWPU9ISKH8EEUEROZVY9FEC"',
270 silly registry.get     age: '45',
270 silly registry.get     'x-served-by': 'cache-atl6225-ATL',
270 silly registry.get     'x-cache': 'HIT',
270 silly registry.get     'x-cache-hits': '1',
270 silly registry.get     'x-timer': 'S1429548601.339838,VS0,VE22',
270 silly registry.get     vary: 'Accept',
270 silly registry.get     'content-length': '0',
270 silly registry.get     'keep-alive': 'timeout=10, max=49',
270 silly registry.get     connection: 'Keep-Alive' } ]
271 verbose etag https://registry.npmjs.org/grunt-mocha-test from cache
272 silly lockFile 5dca6013-ch-grunt-contrib-watch-0-5-3-tgz https://registry.npmjs.org/grunt-contrib-watch/-/grunt-contrib-watch-0.5.3.tgz
273 verbose lock https://registry.npmjs.org/grunt-contrib-watch/-/grunt-contrib-watch-0.5.3.tgz /Users/afritsch/.npm/5dca6013-ch-grunt-contrib-watch-0-5-3-tgz.lock
274 http 304 https://registry.npmjs.org/grunt-release
275 silly registry.get cb [ 304,
275 silly registry.get   { date: 'Mon, 20 Apr 2015 16:50:01 GMT',
275 silly registry.get     server: 'Apache',
275 silly registry.get     via: '1.1 varnish',
275 silly registry.get     'last-modified': 'Mon, 20 Apr 2015 16:50:01 GMT',
275 silly registry.get     'cache-control': 'max-age=60',
275 silly registry.get     etag: '"4BRMSZXHDMH09IFX1SEIQ2MUF"',
275 silly registry.get     age: '0',
275 silly registry.get     'x-served-by': 'cache-atl6221-ATL',
275 silly registry.get     'x-cache': 'HIT',
275 silly registry.get     'x-cache-hits': '1',
275 silly registry.get     'x-timer': 'S1429548601.342360,VS0,VE27',
275 silly registry.get     vary: 'Accept',
275 silly registry.get     'content-length': '0',
275 silly registry.get     'keep-alive': 'timeout=10, max=49',
275 silly registry.get     connection: 'Keep-Alive' } ]
276 verbose etag https://registry.npmjs.org/grunt-release from cache
277 verbose addRemoteTarball [ 'https://registry.npmjs.org/grunt-contrib-watch/-/grunt-contrib-watch-0.5.3.tgz',
277 verbose addRemoteTarball   '7d9eb5465d506fa14faaca47e6e8790a82c1c9ee' ]
278 silly addNameRange number 2 { name: 'grunt-mocha-test',
278 silly addNameRange   range: '>=0.7.0-0 <0.8.0-0',
278 silly addNameRange   hasData: true }
279 silly addNameRange versions [ 'grunt-mocha-test',
279 silly addNameRange   [ '0.0.1',
279 silly addNameRange     '0.1.0',
279 silly addNameRange     '0.1.1',
279 silly addNameRange     '0.2.0',
279 silly addNameRange     '0.2.1',
279 silly addNameRange     '0.2.2',
279 silly addNameRange     '0.3.0',
279 silly addNameRange     '0.3.1',
279 silly addNameRange     '0.3.2',
279 silly addNameRange     '0.3.3',
279 silly addNameRange     '0.3.4',
279 silly addNameRange     '0.3.5',
279 silly addNameRange     '0.4.0',
279 silly addNameRange     '0.5.0',
279 silly addNameRange     '0.6.0',
279 silly addNameRange     '0.6.1',
279 silly addNameRange     '0.6.2',
279 silly addNameRange     '0.6.3',
279 silly addNameRange     '0.7.0',
279 silly addNameRange     '0.8.0',
279 silly addNameRange     '0.8.1',
279 silly addNameRange     '0.8.2',
279 silly addNameRange     '0.9.0',
279 silly addNameRange     '0.9.1',
279 silly addNameRange     '0.9.2',
279 silly addNameRange     '0.9.3',
279 silly addNameRange     '0.9.4',
279 silly addNameRange     '0.10.0',
279 silly addNameRange     '0.10.1',
279 silly addNameRange     '0.10.2',
279 silly addNameRange     '0.11.0',
279 silly addNameRange     '0.12.0',
279 silly addNameRange     '0.12.1',
279 silly addNameRange     '0.12.2',
279 silly addNameRange     '0.12.3',
279 silly addNameRange     '0.12.4',
279 silly addNameRange     '0.12.5',
279 silly addNameRange     '0.12.6',
279 silly addNameRange     '0.12.7' ] ]
280 verbose addNamed [ 'grunt-mocha-test', '0.7.0' ]
281 verbose addNamed [ '0.7.0', '0.7.0' ]
282 silly lockFile d223aa8a-grunt-mocha-test-0-7-0 grunt-mocha-test@0.7.0
283 verbose lock grunt-mocha-test@0.7.0 /Users/afritsch/.npm/d223aa8a-grunt-mocha-test-0-7-0.lock
284 info retry fetch attempt 1 at 12:50:04
285 verbose fetch to= /tmp/npm-1476-EgsJtrMu/registry.npmjs.org/grunt-contrib-watch/-/grunt-contrib-watch-0.5.3.tgz
286 http GET https://registry.npmjs.org/grunt-contrib-watch/-/grunt-contrib-watch-0.5.3.tgz
287 silly addNameRange number 2 { name: 'grunt-release',
287 silly addNameRange   range: '>=0.6.0-0 <0.7.0-0',
287 silly addNameRange   hasData: true }
288 silly addNameRange versions [ 'grunt-release',
288 silly addNameRange   [ '0.0.10',
288 silly addNameRange     '0.0.11',
288 silly addNameRange     '0.0.13',
288 silly addNameRange     '0.0.14',
288 silly addNameRange     '0.1.0',
288 silly addNameRange     '0.2.0',
288 silly addNameRange     '0.3.0',
288 silly addNameRange     '0.3.1',
288 silly addNameRange     '0.3.2',
288 silly addNameRange     '0.3.3',
288 silly addNameRange     '0.3.4',
288 silly addNameRange     '0.3.5',
288 silly addNameRange     '0.4.0',
288 silly addNameRange     '0.5.0',
288 silly addNameRange     '0.5.1',
288 silly addNameRange     '0.6.0',
288 silly addNameRange     '0.6.1',
288 silly addNameRange     '0.7.0',
288 silly addNameRange     '0.8.0',
288 silly addNameRange     '0.8.1',
288 silly addNameRange     '0.9.0',
288 silly addNameRange     '0.10.0',
288 silly addNameRange     '0.11.0',
288 silly addNameRange     '0.12.0' ] ]
289 verbose addNamed [ 'grunt-release', '0.6.1' ]
290 verbose addNamed [ '0.6.1', '0.6.1' ]
291 silly lockFile 669cdf19-grunt-release-0-6-1 grunt-release@0.6.1
292 verbose lock grunt-release@0.6.1 /Users/afritsch/.npm/669cdf19-grunt-release-0-6-1.lock
293 silly lockFile d223aa8a-grunt-mocha-test-0-7-0 grunt-mocha-test@0.7.0
294 silly lockFile d223aa8a-grunt-mocha-test-0-7-0 grunt-mocha-test@0.7.0
295 silly lockFile ae411ac0-grunt-mocha-test-0-7-0 grunt-mocha-test@~0.7.0
296 silly lockFile ae411ac0-grunt-mocha-test-0-7-0 grunt-mocha-test@~0.7.0
297 silly lockFile 669cdf19-grunt-release-0-6-1 grunt-release@0.6.1
298 silly lockFile 669cdf19-grunt-release-0-6-1 grunt-release@0.6.1
299 silly lockFile cba56166-grunt-release-0-6-0 grunt-release@~0.6.0
300 silly lockFile cba56166-grunt-release-0-6-0 grunt-release@~0.6.0
301 http 200 https://registry.npmjs.org/sinon/-/sinon-1.14.1.tgz
302 http 200 https://registry.npmjs.org/grunt-contrib-watch/-/grunt-contrib-watch-0.5.3.tgz
303 silly lockFile 5dca6013-ch-grunt-contrib-watch-0-5-3-tgz https://registry.npmjs.org/grunt-contrib-watch/-/grunt-contrib-watch-0.5.3.tgz
304 silly lockFile 5dca6013-ch-grunt-contrib-watch-0-5-3-tgz https://registry.npmjs.org/grunt-contrib-watch/-/grunt-contrib-watch-0.5.3.tgz
305 silly lockFile d70d7cec-grunt-contrib-watch-0-5-3 grunt-contrib-watch@0.5.3
306 silly lockFile d70d7cec-grunt-contrib-watch-0-5-3 grunt-contrib-watch@0.5.3
307 silly lockFile b469febc-grunt-contrib-watch-0-5-3 grunt-contrib-watch@~0.5.3
308 silly lockFile b469febc-grunt-contrib-watch-0-5-3 grunt-contrib-watch@~0.5.3
309 silly lockFile b526953f-npmjs-org-sinon-sinon-1-14-1-tgz https://registry.npmjs.org/sinon/-/sinon-1.14.1.tgz
310 silly lockFile b526953f-npmjs-org-sinon-sinon-1-14-1-tgz https://registry.npmjs.org/sinon/-/sinon-1.14.1.tgz
311 silly lockFile 47873d1f-sinon-1-14-1 sinon@1.14.1
312 silly lockFile 47873d1f-sinon-1-14-1 sinon@1.14.1
313 silly lockFile 29b94905-sinon sinon@*
314 silly lockFile 29b94905-sinon sinon@*
315 error Error: EACCES, mkdir '/Users/afritsch/.npm/grunt-contrib-watch/0.5.3'
315 error  { [Error: EACCES, mkdir '/Users/afritsch/.npm/grunt-contrib-watch/0.5.3']
315 error   errno: 3,
315 error   code: 'EACCES',
315 error   path: '/Users/afritsch/.npm/grunt-contrib-watch/0.5.3',
315 error   parent: 'hubot-hipchat-trello-retrospectives' }
316 error Please try running this command again as root/Administrator.
317 error System Darwin 14.1.0
318 error command "node" "/usr/local/bin/npm" "install"
319 error cwd /Users/afritsch/Documents/Code Projects/hubot-hipchat-trello-retrospectives
320 error node -v v0.10.33
321 error npm -v 1.4.28
322 error path /Users/afritsch/.npm/grunt-contrib-watch/0.5.3
323 error code EACCES
324 error errno 3
325 error stack Error: EACCES, mkdir '/Users/afritsch/.npm/grunt-contrib-watch/0.5.3'
326 verbose exit [ 3, true ]
